<?xml version="1.0" encoding="UTF-8"?>
<!-- Generated by org.testng.reporters.JUnitXMLReporter -->
<testsuite hostname="LAPTOP-QNDHI2U3" ignored="0" name="Test" tests="31" failures="1" timestamp="2023-05-08T15:31:15 IST" time="0.747" errors="0">
  <testcase name="Deletemail" time="0.01" classname="TestNG.OrderDemo"/>
  <testcase name="login" time="0.0" classname="TestNG.OrderDemo"/>
  <testcase name="composemail" time="0.0" classname="TestNG.OrderDemo"/>
  <testcase name="testcase1" time="0.0" classname="TestNG.ParamWithExcel"/>
  <testcase name="testcase1" time="0.0" classname="TestNG.ParamWithExcel"/>
  <testcase name="testcase1" time="0.003" classname="TestNG.ParamWithExcel"/>
  <testcase name="testcase1" time="0.0" classname="TestNG.ParamWithExcel"/>
  <testcase name="testcase1" time="0.0" classname="TestNG.ParamWithExcel"/>
  <testcase name="testcase1" time="0.0" classname="TestNG.ParamWithExcel"/>
  <testcase name="testcase1" time="0.0" classname="TestNG.ParamWithExcel"/>
  <testcase name="testcase1" time="0.0" classname="TestNG.ParamWithExcel"/>
  <testcase name="testcase1" time="0.0" classname="TestNG.ParamWithExcel"/>
  <testcase name="testcase1" time="0.0" classname="TestNG.ParamWithExcel"/>
  <testcase name="testcase1" time="0.0" classname="TestNG.ParamWithExcel"/>
  <testcase name="testcase1" time="0.0" classname="TestNG.ParamWithExcel"/>
  <testcase name="testcase1" time="0.0" classname="TestNG.ParamWithExcel"/>
  <testcase name="testcase1" time="0.009" classname="TestNG.ParamWithExcel"/>
  <testcase name="testcase1" time="0.002" classname="TestNG.ParamWithExcel"/>
  <testcase name="testcase1" time="0.004" classname="TestNG.ParamWithExcel"/>
  <testcase name="create" time="0.0" classname="TestNG.HelloWorldTestNG"/>
  <testcase name="launch" time="0.0" classname="TestNG.HelloWorldTestNG"/>
  <testcase name="login" time="0.0" classname="TestNG.HelloWorldTestNG"/>
  <testcase name="logout" time="0.0" classname="TestNG.HelloWorldTestNG"/>
  <testcase name="testCase1" time="0.0" classname="TestNG.ParamWithArray"/>
  <testcase name="testCase1" time="0.006" classname="TestNG.ParamWithArray"/>
  <testcase name="testCase1" time="0.0" classname="TestNG.ParamWithArray"/>
  <testcase name="testCase1" time="0.01" classname="TestNG.HardAssert"/>
  <testcase name="testCase1" time="0.0" classname="TestNG.AllAnnotations"/>
  <testcase name="testCase2" time="0.0" classname="TestNG.AllAnnotations"/>
  <testcase name="testCase3" time="0.005" classname="TestNG.AllAnnotations"/>
  <testcase name="testCase1" time="0.0" classname="TestNG.SoftAssert">
    <failure type="java.lang.Error" message="Unresolved compilation problems: 
	The method assertEquals(int, int, String) is undefined for the type SoftAssert
	The method assertEquals(String, String, String) is undefined for the type SoftAssert
	The method assertAll() is undefined for the type SoftAssert
">
      <![CDATA[java.lang.Error: Unresolved compilation problems: 
The method assertEquals(int, int, String) is undefined for the type SoftAssert
The method assertEquals(String, String, String) is undefined for the type SoftAssert
The method assertAll() is undefined for the type SoftAssert

at TestNG.SoftAssert.testCase1(SoftAssert.java:11)
at java.util.ArrayList.forEach(Unknown Source)
... Removed 27 stack frames]]>
    </failure>
  </testcase> <!-- testCase1 -->
</testsuite> <!-- Test -->
