<?xml version="1.0" encoding="UTF-8"?>
<testng-results ignored="0" total="1" passed="1" failed="0" skipped="0">
  <reporter-output>
  </reporter-output>
  <suite started-at="2024-05-03T21:40:46 IST" name="Default suite" finished-at="2024-05-03T21:40:46 IST" duration-ms="68">
    <groups>
    </groups>
    <test started-at="2024-05-03T21:40:46 IST" name="Default test" finished-at="2024-05-03T21:40:46 IST" duration-ms="68">
      <class name="selenium_webdriver.HardAssert">
        <test-method signature="testCase1()[pri:0, instance:selenium_webdriver.HardAssert@5824a83d]" started-at="2024-05-03T21:40:46 IST" name="testCase1" finished-at="2024-05-03T21:40:46 IST" duration-ms="21" status="PASS">
          <reporter-output>
          </reporter-output>
        </test-method> <!-- testCase1 -->
      </class> <!-- selenium_webdriver.HardAssert -->
    </test> <!-- Default test -->
  </suite> <!-- Default suite -->
</testng-results>
